-----------------------------------------------------------------------------
Info file generated by Happy Version 1.19.5 from ParProlog.y
-----------------------------------------------------------------------------


-----------------------------------------------------------------------------
Grammar
-----------------------------------------------------------------------------
	%start_pProgram -> Program                         (0)
	String -> L_quoted                                 (1)
	Integer -> L_integ                                 (2)
	Variable -> L_Variable                             (3)
	Woord -> L_Woord                                   (4)
	Program -> ListSentence                            (5)
	ListSentence -> Sentence '.'                       (6)
	ListSentence -> Sentence '.' ListSentence          (7)
	Sentence -> Clause                                 (8)
	Sentence -> Directive                              (9)
	Sentence -> Query                                  (10)
	Clause -> Rule                                     (11)
	Clause -> Unit_clause                              (12)
	Rule -> Head ':-' Body                             (13)
	Unit_clause -> Head                                (14)
	Directive -> ':-' Body                             (15)
	Query -> '?-' Body                                 (16)
	Head -> Goal                                       (17)
	Body ->                                            (18)
	Body -> '\\+' Body2                                (19)
	Body -> Body1 ',' Body                             (20)
	Body -> 'if' '(' Body1 ',' Body1 ',' Body1 ')'     (21)
	Body -> Body2                                      (22)
	Body2 -> Body1                                     (23)
	Body1 -> Body0                                     (24)
	Body0 -> Goal                                      (25)
	Goal -> Term                                       (26)
	Term -> Term12                                     (27)
	Term12 -> Term11                                   (28)
	Term11 -> Term10                                   (29)
	Term10 -> Term9                                    (30)
	Term9 -> Term8                                     (31)
	Term8 -> Term7                                     (32)
	Term7 -> Term6                                     (33)
	Term7 -> Term6 '=' Term6                           (34)
	Term7 -> Term6 '\\=' Term6                         (35)
	Term7 -> Term6 '==' Term6                          (36)
	Term7 -> Term6 '\\==' Term6                        (37)
	Term7 -> Term6 'is' Term6                          (38)
	Term7 -> Term6 '=:=' Term6                         (39)
	Term7 -> Term6 '=\\=' Term6                        (40)
	Term7 -> Term6 '<' Term6                           (41)
	Term7 -> Term6 '>' Term6                           (42)
	Term7 -> Term6 '=<' Term6                          (43)
	Term7 -> Term6 '>=' Term6                          (44)
	Term6 -> Term5                                     (45)
	Term5 -> Term4                                     (46)
	Term5 -> Term5 '+' Term4                           (47)
	Term5 -> Term5 '-' Term4                           (48)
	Term4 -> Term3                                     (49)
	Term4 -> Term4 '*' Term3                           (50)
	Term4 -> Term4 '/' Term3                           (51)
	Term4 -> Term4 'mod' Term3                         (52)
	Term3 -> Term2                                     (53)
	Term2 -> Term1                                     (54)
	Term2 -> '-' Term2                                 (55)
	Term1 -> Term0                                     (56)
	Term0 -> Functoor '(' ListArgument ')'             (57)
	Term0 -> '(' Term12 ')'                            (58)
	Term0 -> List                                      (59)
	Term0 -> String                                    (60)
	Term0 -> Constant                                  (61)
	Term0 -> Variable                                  (62)
	ListArgument -> Argument                           (63)
	ListArgument -> Argument ',' ListArgument          (64)
	Argument -> Term9                                  (65)
	List -> '[' ']'                                    (66)
	List -> '[' List_Expr ']'                          (67)
	List_Expr -> Term9                                 (68)
	List_Expr -> Term9 ',' List_Expr                   (69)
	List_Expr -> Term9 '|' Term9                       (70)
	Constant -> Atom                                   (71)
	Constant -> Number                                 (72)
	Number -> Integer                                  (73)
	Atom -> Name                                       (74)
	Functoor -> Name                                   (75)
	Name -> Woord                                      (76)

-----------------------------------------------------------------------------
Terminals
-----------------------------------------------------------------------------
	'('            { PT _ (TS _ 1) }
	')'            { PT _ (TS _ 2) }
	'*'            { PT _ (TS _ 3) }
	'+'            { PT _ (TS _ 4) }
	','            { PT _ (TS _ 5) }
	'-'            { PT _ (TS _ 6) }
	'.'            { PT _ (TS _ 7) }
	'/'            { PT _ (TS _ 8) }
	':-'           { PT _ (TS _ 9) }
	'<'            { PT _ (TS _ 10) }
	'='            { PT _ (TS _ 11) }
	'=:='          { PT _ (TS _ 12) }
	'=<'           { PT _ (TS _ 13) }
	'=='           { PT _ (TS _ 14) }
	'=\\='         { PT _ (TS _ 15) }
	'>'            { PT _ (TS _ 16) }
	'>='           { PT _ (TS _ 17) }
	'?-'           { PT _ (TS _ 18) }
	'['            { PT _ (TS _ 19) }
	'\\+'          { PT _ (TS _ 20) }
	'\\='          { PT _ (TS _ 21) }
	'\\=='         { PT _ (TS _ 22) }
	']'            { PT _ (TS _ 23) }
	'if'           { PT _ (TS _ 24) }
	'is'           { PT _ (TS _ 25) }
	'mod'          { PT _ (TS _ 26) }
	'|'            { PT _ (TS _ 27) }
	L_quoted       { PT _ (TL $$) }
	L_integ        { PT _ (TI $$) }
	L_Variable     { PT _ (T_Variable $$) }
	L_Woord        { PT _ (T_Woord $$) }

-----------------------------------------------------------------------------
Non-terminals
-----------------------------------------------------------------------------
	%start_pProgram rule  0
	String          rule  1
	Integer         rule  2
	Variable        rule  3
	Woord           rule  4
	Program         rule  5
	ListSentence    rules 6, 7
	Sentence        rules 8, 9, 10
	Clause          rules 11, 12
	Rule            rule  13
	Unit_clause     rule  14
	Directive       rule  15
	Query           rule  16
	Head            rule  17
	Body            rules 18, 19, 20, 21, 22
	Body2           rule  23
	Body1           rule  24
	Body0           rule  25
	Goal            rule  26
	Term            rule  27
	Term12          rule  28
	Term11          rule  29
	Term10          rule  30
	Term9           rule  31
	Term8           rule  32
	Term7           rules 33, 34, 35, 36, 37, 38, 39, 40, 41, 42, 43, 44
	Term6           rule  45
	Term5           rules 46, 47, 48
	Term4           rules 49, 50, 51, 52
	Term3           rule  53
	Term2           rules 54, 55
	Term1           rule  56
	Term0           rules 57, 58, 59, 60, 61, 62
	ListArgument    rules 63, 64
	Argument        rule  65
	List            rules 66, 67
	List_Expr       rules 68, 69, 70
	Constant        rules 71, 72
	Number          rule  73
	Atom            rule  74
	Functoor        rule  75
	Name            rule  76

-----------------------------------------------------------------------------
States
-----------------------------------------------------------------------------
State 0


	'('            shift, and enter state 37
	'-'            shift, and enter state 38
	':-'           shift, and enter state 39
	'?-'           shift, and enter state 40
	'['            shift, and enter state 41
	L_quoted       shift, and enter state 2
	L_integ        shift, and enter state 42
	L_Variable     shift, and enter state 43
	L_Woord        shift, and enter state 44

	String         goto state 3
	Integer        goto state 4
	Variable       goto state 5
	Woord          goto state 6
	Program        goto state 7
	ListSentence   goto state 8
	Sentence       goto state 9
	Clause         goto state 10
	Rule           goto state 11
	Unit_clause    goto state 12
	Directive      goto state 13
	Query          goto state 14
	Head           goto state 15
	Goal           goto state 16
	Term           goto state 17
	Term12         goto state 18
	Term11         goto state 19
	Term10         goto state 20
	Term9          goto state 21
	Term8          goto state 22
	Term7          goto state 23
	Term6          goto state 24
	Term5          goto state 25
	Term4          goto state 26
	Term3          goto state 27
	Term2          goto state 28
	Term1          goto state 29
	Term0          goto state 30
	List           goto state 31
	Constant       goto state 32
	Number         goto state 33
	Atom           goto state 34
	Functoor       goto state 35
	Name           goto state 36

State 1


	L_quoted       shift, and enter state 2


State 2

	String -> L_quoted .                                (rule 1)

	')'            reduce using rule 1
	'*'            reduce using rule 1
	'+'            reduce using rule 1
	','            reduce using rule 1
	'-'            reduce using rule 1
	'.'            reduce using rule 1
	'/'            reduce using rule 1
	':-'           reduce using rule 1
	'<'            reduce using rule 1
	'='            reduce using rule 1
	'=:='          reduce using rule 1
	'=<'           reduce using rule 1
	'=='           reduce using rule 1
	'=\\='         reduce using rule 1
	'>'            reduce using rule 1
	'>='           reduce using rule 1
	'\\='          reduce using rule 1
	'\\=='         reduce using rule 1
	']'            reduce using rule 1
	'is'           reduce using rule 1
	'mod'          reduce using rule 1
	'|'            reduce using rule 1


State 3

	Term0 -> String .                                   (rule 60)

	')'            reduce using rule 60
	'*'            reduce using rule 60
	'+'            reduce using rule 60
	','            reduce using rule 60
	'-'            reduce using rule 60
	'.'            reduce using rule 60
	'/'            reduce using rule 60
	':-'           reduce using rule 60
	'<'            reduce using rule 60
	'='            reduce using rule 60
	'=:='          reduce using rule 60
	'=<'           reduce using rule 60
	'=='           reduce using rule 60
	'=\\='         reduce using rule 60
	'>'            reduce using rule 60
	'>='           reduce using rule 60
	'\\='          reduce using rule 60
	'\\=='         reduce using rule 60
	']'            reduce using rule 60
	'is'           reduce using rule 60
	'mod'          reduce using rule 60
	'|'            reduce using rule 60


State 4

	Number -> Integer .                                 (rule 73)

	')'            reduce using rule 73
	'*'            reduce using rule 73
	'+'            reduce using rule 73
	','            reduce using rule 73
	'-'            reduce using rule 73
	'.'            reduce using rule 73
	'/'            reduce using rule 73
	':-'           reduce using rule 73
	'<'            reduce using rule 73
	'='            reduce using rule 73
	'=:='          reduce using rule 73
	'=<'           reduce using rule 73
	'=='           reduce using rule 73
	'=\\='         reduce using rule 73
	'>'            reduce using rule 73
	'>='           reduce using rule 73
	'\\='          reduce using rule 73
	'\\=='         reduce using rule 73
	']'            reduce using rule 73
	'is'           reduce using rule 73
	'mod'          reduce using rule 73
	'|'            reduce using rule 73


State 5

	Term0 -> Variable .                                 (rule 62)

	')'            reduce using rule 62
	'*'            reduce using rule 62
	'+'            reduce using rule 62
	','            reduce using rule 62
	'-'            reduce using rule 62
	'.'            reduce using rule 62
	'/'            reduce using rule 62
	':-'           reduce using rule 62
	'<'            reduce using rule 62
	'='            reduce using rule 62
	'=:='          reduce using rule 62
	'=<'           reduce using rule 62
	'=='           reduce using rule 62
	'=\\='         reduce using rule 62
	'>'            reduce using rule 62
	'>='           reduce using rule 62
	'\\='          reduce using rule 62
	'\\=='         reduce using rule 62
	']'            reduce using rule 62
	'is'           reduce using rule 62
	'mod'          reduce using rule 62
	'|'            reduce using rule 62


State 6

	Name -> Woord .                                     (rule 76)

	'('            reduce using rule 76
	')'            reduce using rule 76
	'*'            reduce using rule 76
	'+'            reduce using rule 76
	','            reduce using rule 76
	'-'            reduce using rule 76
	'.'            reduce using rule 76
	'/'            reduce using rule 76
	':-'           reduce using rule 76
	'<'            reduce using rule 76
	'='            reduce using rule 76
	'=:='          reduce using rule 76
	'=<'           reduce using rule 76
	'=='           reduce using rule 76
	'=\\='         reduce using rule 76
	'>'            reduce using rule 76
	'>='           reduce using rule 76
	'\\='          reduce using rule 76
	'\\=='         reduce using rule 76
	']'            reduce using rule 76
	'is'           reduce using rule 76
	'mod'          reduce using rule 76
	'|'            reduce using rule 76


State 7

	%start_pProgram -> Program .                        (rule 0)

	%eof           accept


State 8

	Program -> ListSentence .                           (rule 5)

	%eof           reduce using rule 5


State 9

	ListSentence -> Sentence . '.'                      (rule 6)
	ListSentence -> Sentence . '.' ListSentence         (rule 7)

	'.'            shift, and enter state 76


State 10

	Sentence -> Clause .                                (rule 8)

	'.'            reduce using rule 8


State 11

	Clause -> Rule .                                    (rule 11)

	'.'            reduce using rule 11


State 12

	Clause -> Unit_clause .                             (rule 12)

	'.'            reduce using rule 12


State 13

	Sentence -> Directive .                             (rule 9)

	'.'            reduce using rule 9


State 14

	Sentence -> Query .                                 (rule 10)

	'.'            reduce using rule 10


State 15

	Rule -> Head . ':-' Body                            (rule 13)
	Unit_clause -> Head .                               (rule 14)

	'.'            reduce using rule 14
	':-'           shift, and enter state 75


State 16

	Head -> Goal .                                      (rule 17)

	'.'            reduce using rule 17
	':-'           reduce using rule 17


State 17

	Goal -> Term .                                      (rule 26)

	')'            reduce using rule 26
	','            reduce using rule 26
	'.'            reduce using rule 26
	':-'           reduce using rule 26


State 18

	Term -> Term12 .                                    (rule 27)

	')'            reduce using rule 27
	','            reduce using rule 27
	'.'            reduce using rule 27
	':-'           reduce using rule 27


State 19

	Term12 -> Term11 .                                  (rule 28)

	')'            reduce using rule 28
	','            reduce using rule 28
	'.'            reduce using rule 28
	':-'           reduce using rule 28


State 20

	Term11 -> Term10 .                                  (rule 29)

	')'            reduce using rule 29
	','            reduce using rule 29
	'.'            reduce using rule 29
	':-'           reduce using rule 29


State 21

	Term10 -> Term9 .                                   (rule 30)

	')'            reduce using rule 30
	','            reduce using rule 30
	'.'            reduce using rule 30
	':-'           reduce using rule 30


State 22

	Term9 -> Term8 .                                    (rule 31)

	')'            reduce using rule 31
	','            reduce using rule 31
	'.'            reduce using rule 31
	':-'           reduce using rule 31
	']'            reduce using rule 31
	'|'            reduce using rule 31


State 23

	Term8 -> Term7 .                                    (rule 32)

	')'            reduce using rule 32
	','            reduce using rule 32
	'.'            reduce using rule 32
	':-'           reduce using rule 32
	']'            reduce using rule 32
	'|'            reduce using rule 32


State 24

	Term7 -> Term6 .                                    (rule 33)
	Term7 -> Term6 . '=' Term6                          (rule 34)
	Term7 -> Term6 . '\\=' Term6                        (rule 35)
	Term7 -> Term6 . '==' Term6                         (rule 36)
	Term7 -> Term6 . '\\==' Term6                       (rule 37)
	Term7 -> Term6 . 'is' Term6                         (rule 38)
	Term7 -> Term6 . '=:=' Term6                        (rule 39)
	Term7 -> Term6 . '=\\=' Term6                       (rule 40)
	Term7 -> Term6 . '<' Term6                          (rule 41)
	Term7 -> Term6 . '>' Term6                          (rule 42)
	Term7 -> Term6 . '=<' Term6                         (rule 43)
	Term7 -> Term6 . '>=' Term6                         (rule 44)

	')'            reduce using rule 33
	','            reduce using rule 33
	'.'            reduce using rule 33
	':-'           reduce using rule 33
	'<'            shift, and enter state 64
	'='            shift, and enter state 65
	'=:='          shift, and enter state 66
	'=<'           shift, and enter state 67
	'=='           shift, and enter state 68
	'=\\='         shift, and enter state 69
	'>'            shift, and enter state 70
	'>='           shift, and enter state 71
	'\\='          shift, and enter state 72
	'\\=='         shift, and enter state 73
	']'            reduce using rule 33
	'is'           shift, and enter state 74
	'|'            reduce using rule 33


State 25

	Term6 -> Term5 .                                    (rule 45)
	Term5 -> Term5 . '+' Term4                          (rule 47)
	Term5 -> Term5 . '-' Term4                          (rule 48)

	')'            reduce using rule 45
	'+'            shift, and enter state 62
	','            reduce using rule 45
	'-'            shift, and enter state 63
	'.'            reduce using rule 45
	':-'           reduce using rule 45
	'<'            reduce using rule 45
	'='            reduce using rule 45
	'=:='          reduce using rule 45
	'=<'           reduce using rule 45
	'=='           reduce using rule 45
	'=\\='         reduce using rule 45
	'>'            reduce using rule 45
	'>='           reduce using rule 45
	'\\='          reduce using rule 45
	'\\=='         reduce using rule 45
	']'            reduce using rule 45
	'is'           reduce using rule 45
	'|'            reduce using rule 45


State 26

	Term5 -> Term4 .                                    (rule 46)
	Term4 -> Term4 . '*' Term3                          (rule 50)
	Term4 -> Term4 . '/' Term3                          (rule 51)
	Term4 -> Term4 . 'mod' Term3                        (rule 52)

	')'            reduce using rule 46
	'*'            shift, and enter state 59
	'+'            reduce using rule 46
	','            reduce using rule 46
	'-'            reduce using rule 46
	'.'            reduce using rule 46
	'/'            shift, and enter state 60
	':-'           reduce using rule 46
	'<'            reduce using rule 46
	'='            reduce using rule 46
	'=:='          reduce using rule 46
	'=<'           reduce using rule 46
	'=='           reduce using rule 46
	'=\\='         reduce using rule 46
	'>'            reduce using rule 46
	'>='           reduce using rule 46
	'\\='          reduce using rule 46
	'\\=='         reduce using rule 46
	']'            reduce using rule 46
	'is'           reduce using rule 46
	'mod'          shift, and enter state 61
	'|'            reduce using rule 46


State 27

	Term4 -> Term3 .                                    (rule 49)

	')'            reduce using rule 49
	'*'            reduce using rule 49
	'+'            reduce using rule 49
	','            reduce using rule 49
	'-'            reduce using rule 49
	'.'            reduce using rule 49
	'/'            reduce using rule 49
	':-'           reduce using rule 49
	'<'            reduce using rule 49
	'='            reduce using rule 49
	'=:='          reduce using rule 49
	'=<'           reduce using rule 49
	'=='           reduce using rule 49
	'=\\='         reduce using rule 49
	'>'            reduce using rule 49
	'>='           reduce using rule 49
	'\\='          reduce using rule 49
	'\\=='         reduce using rule 49
	']'            reduce using rule 49
	'is'           reduce using rule 49
	'mod'          reduce using rule 49
	'|'            reduce using rule 49


State 28

	Term3 -> Term2 .                                    (rule 53)

	')'            reduce using rule 53
	'*'            reduce using rule 53
	'+'            reduce using rule 53
	','            reduce using rule 53
	'-'            reduce using rule 53
	'.'            reduce using rule 53
	'/'            reduce using rule 53
	':-'           reduce using rule 53
	'<'            reduce using rule 53
	'='            reduce using rule 53
	'=:='          reduce using rule 53
	'=<'           reduce using rule 53
	'=='           reduce using rule 53
	'=\\='         reduce using rule 53
	'>'            reduce using rule 53
	'>='           reduce using rule 53
	'\\='          reduce using rule 53
	'\\=='         reduce using rule 53
	']'            reduce using rule 53
	'is'           reduce using rule 53
	'mod'          reduce using rule 53
	'|'            reduce using rule 53


State 29

	Term2 -> Term1 .                                    (rule 54)

	')'            reduce using rule 54
	'*'            reduce using rule 54
	'+'            reduce using rule 54
	','            reduce using rule 54
	'-'            reduce using rule 54
	'.'            reduce using rule 54
	'/'            reduce using rule 54
	':-'           reduce using rule 54
	'<'            reduce using rule 54
	'='            reduce using rule 54
	'=:='          reduce using rule 54
	'=<'           reduce using rule 54
	'=='           reduce using rule 54
	'=\\='         reduce using rule 54
	'>'            reduce using rule 54
	'>='           reduce using rule 54
	'\\='          reduce using rule 54
	'\\=='         reduce using rule 54
	']'            reduce using rule 54
	'is'           reduce using rule 54
	'mod'          reduce using rule 54
	'|'            reduce using rule 54


State 30

	Term1 -> Term0 .                                    (rule 56)

	')'            reduce using rule 56
	'*'            reduce using rule 56
	'+'            reduce using rule 56
	','            reduce using rule 56
	'-'            reduce using rule 56
	'.'            reduce using rule 56
	'/'            reduce using rule 56
	':-'           reduce using rule 56
	'<'            reduce using rule 56
	'='            reduce using rule 56
	'=:='          reduce using rule 56
	'=<'           reduce using rule 56
	'=='           reduce using rule 56
	'=\\='         reduce using rule 56
	'>'            reduce using rule 56
	'>='           reduce using rule 56
	'\\='          reduce using rule 56
	'\\=='         reduce using rule 56
	']'            reduce using rule 56
	'is'           reduce using rule 56
	'mod'          reduce using rule 56
	'|'            reduce using rule 56


State 31

	Term0 -> List .                                     (rule 59)

	')'            reduce using rule 59
	'*'            reduce using rule 59
	'+'            reduce using rule 59
	','            reduce using rule 59
	'-'            reduce using rule 59
	'.'            reduce using rule 59
	'/'            reduce using rule 59
	':-'           reduce using rule 59
	'<'            reduce using rule 59
	'='            reduce using rule 59
	'=:='          reduce using rule 59
	'=<'           reduce using rule 59
	'=='           reduce using rule 59
	'=\\='         reduce using rule 59
	'>'            reduce using rule 59
	'>='           reduce using rule 59
	'\\='          reduce using rule 59
	'\\=='         reduce using rule 59
	']'            reduce using rule 59
	'is'           reduce using rule 59
	'mod'          reduce using rule 59
	'|'            reduce using rule 59


State 32

	Term0 -> Constant .                                 (rule 61)

	')'            reduce using rule 61
	'*'            reduce using rule 61
	'+'            reduce using rule 61
	','            reduce using rule 61
	'-'            reduce using rule 61
	'.'            reduce using rule 61
	'/'            reduce using rule 61
	':-'           reduce using rule 61
	'<'            reduce using rule 61
	'='            reduce using rule 61
	'=:='          reduce using rule 61
	'=<'           reduce using rule 61
	'=='           reduce using rule 61
	'=\\='         reduce using rule 61
	'>'            reduce using rule 61
	'>='           reduce using rule 61
	'\\='          reduce using rule 61
	'\\=='         reduce using rule 61
	']'            reduce using rule 61
	'is'           reduce using rule 61
	'mod'          reduce using rule 61
	'|'            reduce using rule 61


State 33

	Constant -> Number .                                (rule 72)

	')'            reduce using rule 72
	'*'            reduce using rule 72
	'+'            reduce using rule 72
	','            reduce using rule 72
	'-'            reduce using rule 72
	'.'            reduce using rule 72
	'/'            reduce using rule 72
	':-'           reduce using rule 72
	'<'            reduce using rule 72
	'='            reduce using rule 72
	'=:='          reduce using rule 72
	'=<'           reduce using rule 72
	'=='           reduce using rule 72
	'=\\='         reduce using rule 72
	'>'            reduce using rule 72
	'>='           reduce using rule 72
	'\\='          reduce using rule 72
	'\\=='         reduce using rule 72
	']'            reduce using rule 72
	'is'           reduce using rule 72
	'mod'          reduce using rule 72
	'|'            reduce using rule 72


State 34

	Constant -> Atom .                                  (rule 71)

	')'            reduce using rule 71
	'*'            reduce using rule 71
	'+'            reduce using rule 71
	','            reduce using rule 71
	'-'            reduce using rule 71
	'.'            reduce using rule 71
	'/'            reduce using rule 71
	':-'           reduce using rule 71
	'<'            reduce using rule 71
	'='            reduce using rule 71
	'=:='          reduce using rule 71
	'=<'           reduce using rule 71
	'=='           reduce using rule 71
	'=\\='         reduce using rule 71
	'>'            reduce using rule 71
	'>='           reduce using rule 71
	'\\='          reduce using rule 71
	'\\=='         reduce using rule 71
	']'            reduce using rule 71
	'is'           reduce using rule 71
	'mod'          reduce using rule 71
	'|'            reduce using rule 71


State 35

	Term0 -> Functoor . '(' ListArgument ')'            (rule 57)

	'('            shift, and enter state 58


State 36

	Atom -> Name .                                      (rule 74)
	Functoor -> Name .                                  (rule 75)

	'('            reduce using rule 75
	')'            reduce using rule 74
	'*'            reduce using rule 74
	'+'            reduce using rule 74
	','            reduce using rule 74
	'-'            reduce using rule 74
	'.'            reduce using rule 74
	'/'            reduce using rule 74
	':-'           reduce using rule 74
	'<'            reduce using rule 74
	'='            reduce using rule 74
	'=:='          reduce using rule 74
	'=<'           reduce using rule 74
	'=='           reduce using rule 74
	'=\\='         reduce using rule 74
	'>'            reduce using rule 74
	'>='           reduce using rule 74
	'\\='          reduce using rule 74
	'\\=='         reduce using rule 74
	']'            reduce using rule 74
	'is'           reduce using rule 74
	'mod'          reduce using rule 74
	'|'            reduce using rule 74


State 37

	Term0 -> '(' . Term12 ')'                           (rule 58)

	'('            shift, and enter state 37
	'-'            shift, and enter state 38
	'['            shift, and enter state 41
	L_quoted       shift, and enter state 2
	L_integ        shift, and enter state 42
	L_Variable     shift, and enter state 43
	L_Woord        shift, and enter state 44

	String         goto state 3
	Integer        goto state 4
	Variable       goto state 5
	Woord          goto state 6
	Term12         goto state 57
	Term11         goto state 19
	Term10         goto state 20
	Term9          goto state 21
	Term8          goto state 22
	Term7          goto state 23
	Term6          goto state 24
	Term5          goto state 25
	Term4          goto state 26
	Term3          goto state 27
	Term2          goto state 28
	Term1          goto state 29
	Term0          goto state 30
	List           goto state 31
	Constant       goto state 32
	Number         goto state 33
	Atom           goto state 34
	Functoor       goto state 35
	Name           goto state 36

State 38

	Term2 -> '-' . Term2                                (rule 55)

	'('            shift, and enter state 37
	'-'            shift, and enter state 38
	'['            shift, and enter state 41
	L_quoted       shift, and enter state 2
	L_integ        shift, and enter state 42
	L_Variable     shift, and enter state 43
	L_Woord        shift, and enter state 44

	String         goto state 3
	Integer        goto state 4
	Variable       goto state 5
	Woord          goto state 6
	Term2          goto state 56
	Term1          goto state 29
	Term0          goto state 30
	List           goto state 31
	Constant       goto state 32
	Number         goto state 33
	Atom           goto state 34
	Functoor       goto state 35
	Name           goto state 36

State 39

	Directive -> ':-' . Body                            (rule 15)

	'('            shift, and enter state 37
	'-'            shift, and enter state 38
	'.'            reduce using rule 18
	'['            shift, and enter state 41
	'\\+'          shift, and enter state 53
	'if'           shift, and enter state 54
	L_quoted       shift, and enter state 2
	L_integ        shift, and enter state 42
	L_Variable     shift, and enter state 43
	L_Woord        shift, and enter state 44

	String         goto state 3
	Integer        goto state 4
	Variable       goto state 5
	Woord          goto state 6
	Body           goto state 55
	Body2          goto state 49
	Body1          goto state 50
	Body0          goto state 51
	Goal           goto state 52
	Term           goto state 17
	Term12         goto state 18
	Term11         goto state 19
	Term10         goto state 20
	Term9          goto state 21
	Term8          goto state 22
	Term7          goto state 23
	Term6          goto state 24
	Term5          goto state 25
	Term4          goto state 26
	Term3          goto state 27
	Term2          goto state 28
	Term1          goto state 29
	Term0          goto state 30
	List           goto state 31
	Constant       goto state 32
	Number         goto state 33
	Atom           goto state 34
	Functoor       goto state 35
	Name           goto state 36

State 40

	Query -> '?-' . Body                                (rule 16)

	'('            shift, and enter state 37
	'-'            shift, and enter state 38
	'.'            reduce using rule 18
	'['            shift, and enter state 41
	'\\+'          shift, and enter state 53
	'if'           shift, and enter state 54
	L_quoted       shift, and enter state 2
	L_integ        shift, and enter state 42
	L_Variable     shift, and enter state 43
	L_Woord        shift, and enter state 44

	String         goto state 3
	Integer        goto state 4
	Variable       goto state 5
	Woord          goto state 6
	Body           goto state 48
	Body2          goto state 49
	Body1          goto state 50
	Body0          goto state 51
	Goal           goto state 52
	Term           goto state 17
	Term12         goto state 18
	Term11         goto state 19
	Term10         goto state 20
	Term9          goto state 21
	Term8          goto state 22
	Term7          goto state 23
	Term6          goto state 24
	Term5          goto state 25
	Term4          goto state 26
	Term3          goto state 27
	Term2          goto state 28
	Term1          goto state 29
	Term0          goto state 30
	List           goto state 31
	Constant       goto state 32
	Number         goto state 33
	Atom           goto state 34
	Functoor       goto state 35
	Name           goto state 36

State 41

	List -> '[' . ']'                                   (rule 66)
	List -> '[' . List_Expr ']'                         (rule 67)

	'('            shift, and enter state 37
	'-'            shift, and enter state 38
	'['            shift, and enter state 41
	']'            shift, and enter state 47
	L_quoted       shift, and enter state 2
	L_integ        shift, and enter state 42
	L_Variable     shift, and enter state 43
	L_Woord        shift, and enter state 44

	String         goto state 3
	Integer        goto state 4
	Variable       goto state 5
	Woord          goto state 6
	Term9          goto state 45
	Term8          goto state 22
	Term7          goto state 23
	Term6          goto state 24
	Term5          goto state 25
	Term4          goto state 26
	Term3          goto state 27
	Term2          goto state 28
	Term1          goto state 29
	Term0          goto state 30
	List           goto state 31
	List_Expr      goto state 46
	Constant       goto state 32
	Number         goto state 33
	Atom           goto state 34
	Functoor       goto state 35
	Name           goto state 36

State 42

	Integer -> L_integ .                                (rule 2)

	')'            reduce using rule 2
	'*'            reduce using rule 2
	'+'            reduce using rule 2
	','            reduce using rule 2
	'-'            reduce using rule 2
	'.'            reduce using rule 2
	'/'            reduce using rule 2
	':-'           reduce using rule 2
	'<'            reduce using rule 2
	'='            reduce using rule 2
	'=:='          reduce using rule 2
	'=<'           reduce using rule 2
	'=='           reduce using rule 2
	'=\\='         reduce using rule 2
	'>'            reduce using rule 2
	'>='           reduce using rule 2
	'\\='          reduce using rule 2
	'\\=='         reduce using rule 2
	']'            reduce using rule 2
	'is'           reduce using rule 2
	'mod'          reduce using rule 2
	'|'            reduce using rule 2


State 43

	Variable -> L_Variable .                            (rule 3)

	')'            reduce using rule 3
	'*'            reduce using rule 3
	'+'            reduce using rule 3
	','            reduce using rule 3
	'-'            reduce using rule 3
	'.'            reduce using rule 3
	'/'            reduce using rule 3
	':-'           reduce using rule 3
	'<'            reduce using rule 3
	'='            reduce using rule 3
	'=:='          reduce using rule 3
	'=<'           reduce using rule 3
	'=='           reduce using rule 3
	'=\\='         reduce using rule 3
	'>'            reduce using rule 3
	'>='           reduce using rule 3
	'\\='          reduce using rule 3
	'\\=='         reduce using rule 3
	']'            reduce using rule 3
	'is'           reduce using rule 3
	'mod'          reduce using rule 3
	'|'            reduce using rule 3


State 44

	Woord -> L_Woord .                                  (rule 4)

	'('            reduce using rule 4
	')'            reduce using rule 4
	'*'            reduce using rule 4
	'+'            reduce using rule 4
	','            reduce using rule 4
	'-'            reduce using rule 4
	'.'            reduce using rule 4
	'/'            reduce using rule 4
	':-'           reduce using rule 4
	'<'            reduce using rule 4
	'='            reduce using rule 4
	'=:='          reduce using rule 4
	'=<'           reduce using rule 4
	'=='           reduce using rule 4
	'=\\='         reduce using rule 4
	'>'            reduce using rule 4
	'>='           reduce using rule 4
	'\\='          reduce using rule 4
	'\\=='         reduce using rule 4
	']'            reduce using rule 4
	'is'           reduce using rule 4
	'mod'          reduce using rule 4
	'|'            reduce using rule 4


State 45

	List_Expr -> Term9 .                                (rule 68)
	List_Expr -> Term9 . ',' List_Expr                  (rule 69)
	List_Expr -> Term9 . '|' Term9                      (rule 70)

	','            shift, and enter state 104
	']'            reduce using rule 68
	'|'            shift, and enter state 105


State 46

	List -> '[' List_Expr . ']'                         (rule 67)

	']'            shift, and enter state 103


State 47

	List -> '[' ']' .                                   (rule 66)

	')'            reduce using rule 66
	'*'            reduce using rule 66
	'+'            reduce using rule 66
	','            reduce using rule 66
	'-'            reduce using rule 66
	'.'            reduce using rule 66
	'/'            reduce using rule 66
	':-'           reduce using rule 66
	'<'            reduce using rule 66
	'='            reduce using rule 66
	'=:='          reduce using rule 66
	'=<'           reduce using rule 66
	'=='           reduce using rule 66
	'=\\='         reduce using rule 66
	'>'            reduce using rule 66
	'>='           reduce using rule 66
	'\\='          reduce using rule 66
	'\\=='         reduce using rule 66
	']'            reduce using rule 66
	'is'           reduce using rule 66
	'mod'          reduce using rule 66
	'|'            reduce using rule 66


State 48

	Query -> '?-' Body .                                (rule 16)

	'.'            reduce using rule 16


State 49

	Body -> Body2 .                                     (rule 22)

	'.'            reduce using rule 22


State 50

	Body -> Body1 . ',' Body                            (rule 20)
	Body2 -> Body1 .                                    (rule 23)

	','            shift, and enter state 102
	'.'            reduce using rule 23


State 51

	Body1 -> Body0 .                                    (rule 24)

	')'            reduce using rule 24
	','            reduce using rule 24
	'.'            reduce using rule 24


State 52

	Body0 -> Goal .                                     (rule 25)

	')'            reduce using rule 25
	','            reduce using rule 25
	'.'            reduce using rule 25


State 53

	Body -> '\\+' . Body2                               (rule 19)

	'('            shift, and enter state 37
	'-'            shift, and enter state 38
	'['            shift, and enter state 41
	L_quoted       shift, and enter state 2
	L_integ        shift, and enter state 42
	L_Variable     shift, and enter state 43
	L_Woord        shift, and enter state 44

	String         goto state 3
	Integer        goto state 4
	Variable       goto state 5
	Woord          goto state 6
	Body2          goto state 100
	Body1          goto state 101
	Body0          goto state 51
	Goal           goto state 52
	Term           goto state 17
	Term12         goto state 18
	Term11         goto state 19
	Term10         goto state 20
	Term9          goto state 21
	Term8          goto state 22
	Term7          goto state 23
	Term6          goto state 24
	Term5          goto state 25
	Term4          goto state 26
	Term3          goto state 27
	Term2          goto state 28
	Term1          goto state 29
	Term0          goto state 30
	List           goto state 31
	Constant       goto state 32
	Number         goto state 33
	Atom           goto state 34
	Functoor       goto state 35
	Name           goto state 36

State 54

	Body -> 'if' . '(' Body1 ',' Body1 ',' Body1 ')'    (rule 21)

	'('            shift, and enter state 99


State 55

	Directive -> ':-' Body .                            (rule 15)

	'.'            reduce using rule 15


State 56

	Term2 -> '-' Term2 .                                (rule 55)

	')'            reduce using rule 55
	'*'            reduce using rule 55
	'+'            reduce using rule 55
	','            reduce using rule 55
	'-'            reduce using rule 55
	'.'            reduce using rule 55
	'/'            reduce using rule 55
	':-'           reduce using rule 55
	'<'            reduce using rule 55
	'='            reduce using rule 55
	'=:='          reduce using rule 55
	'=<'           reduce using rule 55
	'=='           reduce using rule 55
	'=\\='         reduce using rule 55
	'>'            reduce using rule 55
	'>='           reduce using rule 55
	'\\='          reduce using rule 55
	'\\=='         reduce using rule 55
	']'            reduce using rule 55
	'is'           reduce using rule 55
	'mod'          reduce using rule 55
	'|'            reduce using rule 55


State 57

	Term0 -> '(' Term12 . ')'                           (rule 58)

	')'            shift, and enter state 98


State 58

	Term0 -> Functoor '(' . ListArgument ')'            (rule 57)

	'('            shift, and enter state 37
	'-'            shift, and enter state 38
	'['            shift, and enter state 41
	L_quoted       shift, and enter state 2
	L_integ        shift, and enter state 42
	L_Variable     shift, and enter state 43
	L_Woord        shift, and enter state 44

	String         goto state 3
	Integer        goto state 4
	Variable       goto state 5
	Woord          goto state 6
	Term9          goto state 95
	Term8          goto state 22
	Term7          goto state 23
	Term6          goto state 24
	Term5          goto state 25
	Term4          goto state 26
	Term3          goto state 27
	Term2          goto state 28
	Term1          goto state 29
	Term0          goto state 30
	ListArgument   goto state 96
	Argument       goto state 97
	List           goto state 31
	Constant       goto state 32
	Number         goto state 33
	Atom           goto state 34
	Functoor       goto state 35
	Name           goto state 36

State 59

	Term4 -> Term4 '*' . Term3                          (rule 50)

	'('            shift, and enter state 37
	'-'            shift, and enter state 38
	'['            shift, and enter state 41
	L_quoted       shift, and enter state 2
	L_integ        shift, and enter state 42
	L_Variable     shift, and enter state 43
	L_Woord        shift, and enter state 44

	String         goto state 3
	Integer        goto state 4
	Variable       goto state 5
	Woord          goto state 6
	Term3          goto state 94
	Term2          goto state 28
	Term1          goto state 29
	Term0          goto state 30
	List           goto state 31
	Constant       goto state 32
	Number         goto state 33
	Atom           goto state 34
	Functoor       goto state 35
	Name           goto state 36

State 60

	Term4 -> Term4 '/' . Term3                          (rule 51)

	'('            shift, and enter state 37
	'-'            shift, and enter state 38
	'['            shift, and enter state 41
	L_quoted       shift, and enter state 2
	L_integ        shift, and enter state 42
	L_Variable     shift, and enter state 43
	L_Woord        shift, and enter state 44

	String         goto state 3
	Integer        goto state 4
	Variable       goto state 5
	Woord          goto state 6
	Term3          goto state 93
	Term2          goto state 28
	Term1          goto state 29
	Term0          goto state 30
	List           goto state 31
	Constant       goto state 32
	Number         goto state 33
	Atom           goto state 34
	Functoor       goto state 35
	Name           goto state 36

State 61

	Term4 -> Term4 'mod' . Term3                        (rule 52)

	'('            shift, and enter state 37
	'-'            shift, and enter state 38
	'['            shift, and enter state 41
	L_quoted       shift, and enter state 2
	L_integ        shift, and enter state 42
	L_Variable     shift, and enter state 43
	L_Woord        shift, and enter state 44

	String         goto state 3
	Integer        goto state 4
	Variable       goto state 5
	Woord          goto state 6
	Term3          goto state 92
	Term2          goto state 28
	Term1          goto state 29
	Term0          goto state 30
	List           goto state 31
	Constant       goto state 32
	Number         goto state 33
	Atom           goto state 34
	Functoor       goto state 35
	Name           goto state 36

State 62

	Term5 -> Term5 '+' . Term4                          (rule 47)

	'('            shift, and enter state 37
	'-'            shift, and enter state 38
	'['            shift, and enter state 41
	L_quoted       shift, and enter state 2
	L_integ        shift, and enter state 42
	L_Variable     shift, and enter state 43
	L_Woord        shift, and enter state 44

	String         goto state 3
	Integer        goto state 4
	Variable       goto state 5
	Woord          goto state 6
	Term4          goto state 91
	Term3          goto state 27
	Term2          goto state 28
	Term1          goto state 29
	Term0          goto state 30
	List           goto state 31
	Constant       goto state 32
	Number         goto state 33
	Atom           goto state 34
	Functoor       goto state 35
	Name           goto state 36

State 63

	Term5 -> Term5 '-' . Term4                          (rule 48)

	'('            shift, and enter state 37
	'-'            shift, and enter state 38
	'['            shift, and enter state 41
	L_quoted       shift, and enter state 2
	L_integ        shift, and enter state 42
	L_Variable     shift, and enter state 43
	L_Woord        shift, and enter state 44

	String         goto state 3
	Integer        goto state 4
	Variable       goto state 5
	Woord          goto state 6
	Term4          goto state 90
	Term3          goto state 27
	Term2          goto state 28
	Term1          goto state 29
	Term0          goto state 30
	List           goto state 31
	Constant       goto state 32
	Number         goto state 33
	Atom           goto state 34
	Functoor       goto state 35
	Name           goto state 36

State 64

	Term7 -> Term6 '<' . Term6                          (rule 41)

	'('            shift, and enter state 37
	'-'            shift, and enter state 38
	'['            shift, and enter state 41
	L_quoted       shift, and enter state 2
	L_integ        shift, and enter state 42
	L_Variable     shift, and enter state 43
	L_Woord        shift, and enter state 44

	String         goto state 3
	Integer        goto state 4
	Variable       goto state 5
	Woord          goto state 6
	Term6          goto state 89
	Term5          goto state 25
	Term4          goto state 26
	Term3          goto state 27
	Term2          goto state 28
	Term1          goto state 29
	Term0          goto state 30
	List           goto state 31
	Constant       goto state 32
	Number         goto state 33
	Atom           goto state 34
	Functoor       goto state 35
	Name           goto state 36

State 65

	Term7 -> Term6 '=' . Term6                          (rule 34)

	'('            shift, and enter state 37
	'-'            shift, and enter state 38
	'['            shift, and enter state 41
	L_quoted       shift, and enter state 2
	L_integ        shift, and enter state 42
	L_Variable     shift, and enter state 43
	L_Woord        shift, and enter state 44

	String         goto state 3
	Integer        goto state 4
	Variable       goto state 5
	Woord          goto state 6
	Term6          goto state 88
	Term5          goto state 25
	Term4          goto state 26
	Term3          goto state 27
	Term2          goto state 28
	Term1          goto state 29
	Term0          goto state 30
	List           goto state 31
	Constant       goto state 32
	Number         goto state 33
	Atom           goto state 34
	Functoor       goto state 35
	Name           goto state 36

State 66

	Term7 -> Term6 '=:=' . Term6                        (rule 39)

	'('            shift, and enter state 37
	'-'            shift, and enter state 38
	'['            shift, and enter state 41
	L_quoted       shift, and enter state 2
	L_integ        shift, and enter state 42
	L_Variable     shift, and enter state 43
	L_Woord        shift, and enter state 44

	String         goto state 3
	Integer        goto state 4
	Variable       goto state 5
	Woord          goto state 6
	Term6          goto state 87
	Term5          goto state 25
	Term4          goto state 26
	Term3          goto state 27
	Term2          goto state 28
	Term1          goto state 29
	Term0          goto state 30
	List           goto state 31
	Constant       goto state 32
	Number         goto state 33
	Atom           goto state 34
	Functoor       goto state 35
	Name           goto state 36

State 67

	Term7 -> Term6 '=<' . Term6                         (rule 43)

	'('            shift, and enter state 37
	'-'            shift, and enter state 38
	'['            shift, and enter state 41
	L_quoted       shift, and enter state 2
	L_integ        shift, and enter state 42
	L_Variable     shift, and enter state 43
	L_Woord        shift, and enter state 44

	String         goto state 3
	Integer        goto state 4
	Variable       goto state 5
	Woord          goto state 6
	Term6          goto state 86
	Term5          goto state 25
	Term4          goto state 26
	Term3          goto state 27
	Term2          goto state 28
	Term1          goto state 29
	Term0          goto state 30
	List           goto state 31
	Constant       goto state 32
	Number         goto state 33
	Atom           goto state 34
	Functoor       goto state 35
	Name           goto state 36

State 68

	Term7 -> Term6 '==' . Term6                         (rule 36)

	'('            shift, and enter state 37
	'-'            shift, and enter state 38
	'['            shift, and enter state 41
	L_quoted       shift, and enter state 2
	L_integ        shift, and enter state 42
	L_Variable     shift, and enter state 43
	L_Woord        shift, and enter state 44

	String         goto state 3
	Integer        goto state 4
	Variable       goto state 5
	Woord          goto state 6
	Term6          goto state 85
	Term5          goto state 25
	Term4          goto state 26
	Term3          goto state 27
	Term2          goto state 28
	Term1          goto state 29
	Term0          goto state 30
	List           goto state 31
	Constant       goto state 32
	Number         goto state 33
	Atom           goto state 34
	Functoor       goto state 35
	Name           goto state 36

State 69

	Term7 -> Term6 '=\\=' . Term6                       (rule 40)

	'('            shift, and enter state 37
	'-'            shift, and enter state 38
	'['            shift, and enter state 41
	L_quoted       shift, and enter state 2
	L_integ        shift, and enter state 42
	L_Variable     shift, and enter state 43
	L_Woord        shift, and enter state 44

	String         goto state 3
	Integer        goto state 4
	Variable       goto state 5
	Woord          goto state 6
	Term6          goto state 84
	Term5          goto state 25
	Term4          goto state 26
	Term3          goto state 27
	Term2          goto state 28
	Term1          goto state 29
	Term0          goto state 30
	List           goto state 31
	Constant       goto state 32
	Number         goto state 33
	Atom           goto state 34
	Functoor       goto state 35
	Name           goto state 36

State 70

	Term7 -> Term6 '>' . Term6                          (rule 42)

	'('            shift, and enter state 37
	'-'            shift, and enter state 38
	'['            shift, and enter state 41
	L_quoted       shift, and enter state 2
	L_integ        shift, and enter state 42
	L_Variable     shift, and enter state 43
	L_Woord        shift, and enter state 44

	String         goto state 3
	Integer        goto state 4
	Variable       goto state 5
	Woord          goto state 6
	Term6          goto state 83
	Term5          goto state 25
	Term4          goto state 26
	Term3          goto state 27
	Term2          goto state 28
	Term1          goto state 29
	Term0          goto state 30
	List           goto state 31
	Constant       goto state 32
	Number         goto state 33
	Atom           goto state 34
	Functoor       goto state 35
	Name           goto state 36

State 71

	Term7 -> Term6 '>=' . Term6                         (rule 44)

	'('            shift, and enter state 37
	'-'            shift, and enter state 38
	'['            shift, and enter state 41
	L_quoted       shift, and enter state 2
	L_integ        shift, and enter state 42
	L_Variable     shift, and enter state 43
	L_Woord        shift, and enter state 44

	String         goto state 3
	Integer        goto state 4
	Variable       goto state 5
	Woord          goto state 6
	Term6          goto state 82
	Term5          goto state 25
	Term4          goto state 26
	Term3          goto state 27
	Term2          goto state 28
	Term1          goto state 29
	Term0          goto state 30
	List           goto state 31
	Constant       goto state 32
	Number         goto state 33
	Atom           goto state 34
	Functoor       goto state 35
	Name           goto state 36

State 72

	Term7 -> Term6 '\\=' . Term6                        (rule 35)

	'('            shift, and enter state 37
	'-'            shift, and enter state 38
	'['            shift, and enter state 41
	L_quoted       shift, and enter state 2
	L_integ        shift, and enter state 42
	L_Variable     shift, and enter state 43
	L_Woord        shift, and enter state 44

	String         goto state 3
	Integer        goto state 4
	Variable       goto state 5
	Woord          goto state 6
	Term6          goto state 81
	Term5          goto state 25
	Term4          goto state 26
	Term3          goto state 27
	Term2          goto state 28
	Term1          goto state 29
	Term0          goto state 30
	List           goto state 31
	Constant       goto state 32
	Number         goto state 33
	Atom           goto state 34
	Functoor       goto state 35
	Name           goto state 36

State 73

	Term7 -> Term6 '\\==' . Term6                       (rule 37)

	'('            shift, and enter state 37
	'-'            shift, and enter state 38
	'['            shift, and enter state 41
	L_quoted       shift, and enter state 2
	L_integ        shift, and enter state 42
	L_Variable     shift, and enter state 43
	L_Woord        shift, and enter state 44

	String         goto state 3
	Integer        goto state 4
	Variable       goto state 5
	Woord          goto state 6
	Term6          goto state 80
	Term5          goto state 25
	Term4          goto state 26
	Term3          goto state 27
	Term2          goto state 28
	Term1          goto state 29
	Term0          goto state 30
	List           goto state 31
	Constant       goto state 32
	Number         goto state 33
	Atom           goto state 34
	Functoor       goto state 35
	Name           goto state 36

State 74

	Term7 -> Term6 'is' . Term6                         (rule 38)

	'('            shift, and enter state 37
	'-'            shift, and enter state 38
	'['            shift, and enter state 41
	L_quoted       shift, and enter state 2
	L_integ        shift, and enter state 42
	L_Variable     shift, and enter state 43
	L_Woord        shift, and enter state 44

	String         goto state 3
	Integer        goto state 4
	Variable       goto state 5
	Woord          goto state 6
	Term6          goto state 79
	Term5          goto state 25
	Term4          goto state 26
	Term3          goto state 27
	Term2          goto state 28
	Term1          goto state 29
	Term0          goto state 30
	List           goto state 31
	Constant       goto state 32
	Number         goto state 33
	Atom           goto state 34
	Functoor       goto state 35
	Name           goto state 36

State 75

	Rule -> Head ':-' . Body                            (rule 13)

	'('            shift, and enter state 37
	'-'            shift, and enter state 38
	'.'            reduce using rule 18
	'['            shift, and enter state 41
	'\\+'          shift, and enter state 53
	'if'           shift, and enter state 54
	L_quoted       shift, and enter state 2
	L_integ        shift, and enter state 42
	L_Variable     shift, and enter state 43
	L_Woord        shift, and enter state 44

	String         goto state 3
	Integer        goto state 4
	Variable       goto state 5
	Woord          goto state 6
	Body           goto state 78
	Body2          goto state 49
	Body1          goto state 50
	Body0          goto state 51
	Goal           goto state 52
	Term           goto state 17
	Term12         goto state 18
	Term11         goto state 19
	Term10         goto state 20
	Term9          goto state 21
	Term8          goto state 22
	Term7          goto state 23
	Term6          goto state 24
	Term5          goto state 25
	Term4          goto state 26
	Term3          goto state 27
	Term2          goto state 28
	Term1          goto state 29
	Term0          goto state 30
	List           goto state 31
	Constant       goto state 32
	Number         goto state 33
	Atom           goto state 34
	Functoor       goto state 35
	Name           goto state 36

State 76

	ListSentence -> Sentence '.' .                      (rule 6)
	ListSentence -> Sentence '.' . ListSentence         (rule 7)

	'('            shift, and enter state 37
	'-'            shift, and enter state 38
	':-'           shift, and enter state 39
	'?-'           shift, and enter state 40
	'['            shift, and enter state 41
	L_quoted       shift, and enter state 2
	L_integ        shift, and enter state 42
	L_Variable     shift, and enter state 43
	L_Woord        shift, and enter state 44
	%eof           reduce using rule 6

	String         goto state 3
	Integer        goto state 4
	Variable       goto state 5
	Woord          goto state 6
	ListSentence   goto state 77
	Sentence       goto state 9
	Clause         goto state 10
	Rule           goto state 11
	Unit_clause    goto state 12
	Directive      goto state 13
	Query          goto state 14
	Head           goto state 15
	Goal           goto state 16
	Term           goto state 17
	Term12         goto state 18
	Term11         goto state 19
	Term10         goto state 20
	Term9          goto state 21
	Term8          goto state 22
	Term7          goto state 23
	Term6          goto state 24
	Term5          goto state 25
	Term4          goto state 26
	Term3          goto state 27
	Term2          goto state 28
	Term1          goto state 29
	Term0          goto state 30
	List           goto state 31
	Constant       goto state 32
	Number         goto state 33
	Atom           goto state 34
	Functoor       goto state 35
	Name           goto state 36

State 77

	ListSentence -> Sentence '.' ListSentence .         (rule 7)

	%eof           reduce using rule 7


State 78

	Rule -> Head ':-' Body .                            (rule 13)

	'.'            reduce using rule 13


State 79

	Term7 -> Term6 'is' Term6 .                         (rule 38)

	')'            reduce using rule 38
	','            reduce using rule 38
	'.'            reduce using rule 38
	':-'           reduce using rule 38
	']'            reduce using rule 38
	'|'            reduce using rule 38


State 80

	Term7 -> Term6 '\\==' Term6 .                       (rule 37)

	')'            reduce using rule 37
	','            reduce using rule 37
	'.'            reduce using rule 37
	':-'           reduce using rule 37
	']'            reduce using rule 37
	'|'            reduce using rule 37


State 81

	Term7 -> Term6 '\\=' Term6 .                        (rule 35)

	')'            reduce using rule 35
	','            reduce using rule 35
	'.'            reduce using rule 35
	':-'           reduce using rule 35
	']'            reduce using rule 35
	'|'            reduce using rule 35


State 82

	Term7 -> Term6 '>=' Term6 .                         (rule 44)

	')'            reduce using rule 44
	','            reduce using rule 44
	'.'            reduce using rule 44
	':-'           reduce using rule 44
	']'            reduce using rule 44
	'|'            reduce using rule 44


State 83

	Term7 -> Term6 '>' Term6 .                          (rule 42)

	')'            reduce using rule 42
	','            reduce using rule 42
	'.'            reduce using rule 42
	':-'           reduce using rule 42
	']'            reduce using rule 42
	'|'            reduce using rule 42


State 84

	Term7 -> Term6 '=\\=' Term6 .                       (rule 40)

	')'            reduce using rule 40
	','            reduce using rule 40
	'.'            reduce using rule 40
	':-'           reduce using rule 40
	']'            reduce using rule 40
	'|'            reduce using rule 40


State 85

	Term7 -> Term6 '==' Term6 .                         (rule 36)

	')'            reduce using rule 36
	','            reduce using rule 36
	'.'            reduce using rule 36
	':-'           reduce using rule 36
	']'            reduce using rule 36
	'|'            reduce using rule 36


State 86

	Term7 -> Term6 '=<' Term6 .                         (rule 43)

	')'            reduce using rule 43
	','            reduce using rule 43
	'.'            reduce using rule 43
	':-'           reduce using rule 43
	']'            reduce using rule 43
	'|'            reduce using rule 43


State 87

	Term7 -> Term6 '=:=' Term6 .                        (rule 39)

	')'            reduce using rule 39
	','            reduce using rule 39
	'.'            reduce using rule 39
	':-'           reduce using rule 39
	']'            reduce using rule 39
	'|'            reduce using rule 39


State 88

	Term7 -> Term6 '=' Term6 .                          (rule 34)

	')'            reduce using rule 34
	','            reduce using rule 34
	'.'            reduce using rule 34
	':-'           reduce using rule 34
	']'            reduce using rule 34
	'|'            reduce using rule 34


State 89

	Term7 -> Term6 '<' Term6 .                          (rule 41)

	')'            reduce using rule 41
	','            reduce using rule 41
	'.'            reduce using rule 41
	':-'           reduce using rule 41
	']'            reduce using rule 41
	'|'            reduce using rule 41


State 90

	Term5 -> Term5 '-' Term4 .                          (rule 48)
	Term4 -> Term4 . '*' Term3                          (rule 50)
	Term4 -> Term4 . '/' Term3                          (rule 51)
	Term4 -> Term4 . 'mod' Term3                        (rule 52)

	')'            reduce using rule 48
	'*'            shift, and enter state 59
	'+'            reduce using rule 48
	','            reduce using rule 48
	'-'            reduce using rule 48
	'.'            reduce using rule 48
	'/'            shift, and enter state 60
	':-'           reduce using rule 48
	'<'            reduce using rule 48
	'='            reduce using rule 48
	'=:='          reduce using rule 48
	'=<'           reduce using rule 48
	'=='           reduce using rule 48
	'=\\='         reduce using rule 48
	'>'            reduce using rule 48
	'>='           reduce using rule 48
	'\\='          reduce using rule 48
	'\\=='         reduce using rule 48
	']'            reduce using rule 48
	'is'           reduce using rule 48
	'mod'          shift, and enter state 61
	'|'            reduce using rule 48


State 91

	Term5 -> Term5 '+' Term4 .                          (rule 47)
	Term4 -> Term4 . '*' Term3                          (rule 50)
	Term4 -> Term4 . '/' Term3                          (rule 51)
	Term4 -> Term4 . 'mod' Term3                        (rule 52)

	')'            reduce using rule 47
	'*'            shift, and enter state 59
	'+'            reduce using rule 47
	','            reduce using rule 47
	'-'            reduce using rule 47
	'.'            reduce using rule 47
	'/'            shift, and enter state 60
	':-'           reduce using rule 47
	'<'            reduce using rule 47
	'='            reduce using rule 47
	'=:='          reduce using rule 47
	'=<'           reduce using rule 47
	'=='           reduce using rule 47
	'=\\='         reduce using rule 47
	'>'            reduce using rule 47
	'>='           reduce using rule 47
	'\\='          reduce using rule 47
	'\\=='         reduce using rule 47
	']'            reduce using rule 47
	'is'           reduce using rule 47
	'mod'          shift, and enter state 61
	'|'            reduce using rule 47


State 92

	Term4 -> Term4 'mod' Term3 .                        (rule 52)

	')'            reduce using rule 52
	'*'            reduce using rule 52
	'+'            reduce using rule 52
	','            reduce using rule 52
	'-'            reduce using rule 52
	'.'            reduce using rule 52
	'/'            reduce using rule 52
	':-'           reduce using rule 52
	'<'            reduce using rule 52
	'='            reduce using rule 52
	'=:='          reduce using rule 52
	'=<'           reduce using rule 52
	'=='           reduce using rule 52
	'=\\='         reduce using rule 52
	'>'            reduce using rule 52
	'>='           reduce using rule 52
	'\\='          reduce using rule 52
	'\\=='         reduce using rule 52
	']'            reduce using rule 52
	'is'           reduce using rule 52
	'mod'          reduce using rule 52
	'|'            reduce using rule 52


State 93

	Term4 -> Term4 '/' Term3 .                          (rule 51)

	')'            reduce using rule 51
	'*'            reduce using rule 51
	'+'            reduce using rule 51
	','            reduce using rule 51
	'-'            reduce using rule 51
	'.'            reduce using rule 51
	'/'            reduce using rule 51
	':-'           reduce using rule 51
	'<'            reduce using rule 51
	'='            reduce using rule 51
	'=:='          reduce using rule 51
	'=<'           reduce using rule 51
	'=='           reduce using rule 51
	'=\\='         reduce using rule 51
	'>'            reduce using rule 51
	'>='           reduce using rule 51
	'\\='          reduce using rule 51
	'\\=='         reduce using rule 51
	']'            reduce using rule 51
	'is'           reduce using rule 51
	'mod'          reduce using rule 51
	'|'            reduce using rule 51


State 94

	Term4 -> Term4 '*' Term3 .                          (rule 50)

	')'            reduce using rule 50
	'*'            reduce using rule 50
	'+'            reduce using rule 50
	','            reduce using rule 50
	'-'            reduce using rule 50
	'.'            reduce using rule 50
	'/'            reduce using rule 50
	':-'           reduce using rule 50
	'<'            reduce using rule 50
	'='            reduce using rule 50
	'=:='          reduce using rule 50
	'=<'           reduce using rule 50
	'=='           reduce using rule 50
	'=\\='         reduce using rule 50
	'>'            reduce using rule 50
	'>='           reduce using rule 50
	'\\='          reduce using rule 50
	'\\=='         reduce using rule 50
	']'            reduce using rule 50
	'is'           reduce using rule 50
	'mod'          reduce using rule 50
	'|'            reduce using rule 50


State 95

	Argument -> Term9 .                                 (rule 65)

	')'            reduce using rule 65
	','            reduce using rule 65


State 96

	Term0 -> Functoor '(' ListArgument . ')'            (rule 57)

	')'            shift, and enter state 111


State 97

	ListArgument -> Argument .                          (rule 63)
	ListArgument -> Argument . ',' ListArgument         (rule 64)

	')'            reduce using rule 63
	','            shift, and enter state 110


State 98

	Term0 -> '(' Term12 ')' .                           (rule 58)

	')'            reduce using rule 58
	'*'            reduce using rule 58
	'+'            reduce using rule 58
	','            reduce using rule 58
	'-'            reduce using rule 58
	'.'            reduce using rule 58
	'/'            reduce using rule 58
	':-'           reduce using rule 58
	'<'            reduce using rule 58
	'='            reduce using rule 58
	'=:='          reduce using rule 58
	'=<'           reduce using rule 58
	'=='           reduce using rule 58
	'=\\='         reduce using rule 58
	'>'            reduce using rule 58
	'>='           reduce using rule 58
	'\\='          reduce using rule 58
	'\\=='         reduce using rule 58
	']'            reduce using rule 58
	'is'           reduce using rule 58
	'mod'          reduce using rule 58
	'|'            reduce using rule 58


State 99

	Body -> 'if' '(' . Body1 ',' Body1 ',' Body1 ')'    (rule 21)

	'('            shift, and enter state 37
	'-'            shift, and enter state 38
	'['            shift, and enter state 41
	L_quoted       shift, and enter state 2
	L_integ        shift, and enter state 42
	L_Variable     shift, and enter state 43
	L_Woord        shift, and enter state 44

	String         goto state 3
	Integer        goto state 4
	Variable       goto state 5
	Woord          goto state 6
	Body1          goto state 109
	Body0          goto state 51
	Goal           goto state 52
	Term           goto state 17
	Term12         goto state 18
	Term11         goto state 19
	Term10         goto state 20
	Term9          goto state 21
	Term8          goto state 22
	Term7          goto state 23
	Term6          goto state 24
	Term5          goto state 25
	Term4          goto state 26
	Term3          goto state 27
	Term2          goto state 28
	Term1          goto state 29
	Term0          goto state 30
	List           goto state 31
	Constant       goto state 32
	Number         goto state 33
	Atom           goto state 34
	Functoor       goto state 35
	Name           goto state 36

State 100

	Body -> '\\+' Body2 .                               (rule 19)

	'.'            reduce using rule 19


State 101

	Body2 -> Body1 .                                    (rule 23)

	'.'            reduce using rule 23


State 102

	Body -> Body1 ',' . Body                            (rule 20)

	'('            shift, and enter state 37
	'-'            shift, and enter state 38
	'.'            reduce using rule 18
	'['            shift, and enter state 41
	'\\+'          shift, and enter state 53
	'if'           shift, and enter state 54
	L_quoted       shift, and enter state 2
	L_integ        shift, and enter state 42
	L_Variable     shift, and enter state 43
	L_Woord        shift, and enter state 44

	String         goto state 3
	Integer        goto state 4
	Variable       goto state 5
	Woord          goto state 6
	Body           goto state 108
	Body2          goto state 49
	Body1          goto state 50
	Body0          goto state 51
	Goal           goto state 52
	Term           goto state 17
	Term12         goto state 18
	Term11         goto state 19
	Term10         goto state 20
	Term9          goto state 21
	Term8          goto state 22
	Term7          goto state 23
	Term6          goto state 24
	Term5          goto state 25
	Term4          goto state 26
	Term3          goto state 27
	Term2          goto state 28
	Term1          goto state 29
	Term0          goto state 30
	List           goto state 31
	Constant       goto state 32
	Number         goto state 33
	Atom           goto state 34
	Functoor       goto state 35
	Name           goto state 36

State 103

	List -> '[' List_Expr ']' .                         (rule 67)

	')'            reduce using rule 67
	'*'            reduce using rule 67
	'+'            reduce using rule 67
	','            reduce using rule 67
	'-'            reduce using rule 67
	'.'            reduce using rule 67
	'/'            reduce using rule 67
	':-'           reduce using rule 67
	'<'            reduce using rule 67
	'='            reduce using rule 67
	'=:='          reduce using rule 67
	'=<'           reduce using rule 67
	'=='           reduce using rule 67
	'=\\='         reduce using rule 67
	'>'            reduce using rule 67
	'>='           reduce using rule 67
	'\\='          reduce using rule 67
	'\\=='         reduce using rule 67
	']'            reduce using rule 67
	'is'           reduce using rule 67
	'mod'          reduce using rule 67
	'|'            reduce using rule 67


State 104

	List_Expr -> Term9 ',' . List_Expr                  (rule 69)

	'('            shift, and enter state 37
	'-'            shift, and enter state 38
	'['            shift, and enter state 41
	L_quoted       shift, and enter state 2
	L_integ        shift, and enter state 42
	L_Variable     shift, and enter state 43
	L_Woord        shift, and enter state 44

	String         goto state 3
	Integer        goto state 4
	Variable       goto state 5
	Woord          goto state 6
	Term9          goto state 45
	Term8          goto state 22
	Term7          goto state 23
	Term6          goto state 24
	Term5          goto state 25
	Term4          goto state 26
	Term3          goto state 27
	Term2          goto state 28
	Term1          goto state 29
	Term0          goto state 30
	List           goto state 31
	List_Expr      goto state 107
	Constant       goto state 32
	Number         goto state 33
	Atom           goto state 34
	Functoor       goto state 35
	Name           goto state 36

State 105

	List_Expr -> Term9 '|' . Term9                      (rule 70)

	'('            shift, and enter state 37
	'-'            shift, and enter state 38
	'['            shift, and enter state 41
	L_quoted       shift, and enter state 2
	L_integ        shift, and enter state 42
	L_Variable     shift, and enter state 43
	L_Woord        shift, and enter state 44

	String         goto state 3
	Integer        goto state 4
	Variable       goto state 5
	Woord          goto state 6
	Term9          goto state 106
	Term8          goto state 22
	Term7          goto state 23
	Term6          goto state 24
	Term5          goto state 25
	Term4          goto state 26
	Term3          goto state 27
	Term2          goto state 28
	Term1          goto state 29
	Term0          goto state 30
	List           goto state 31
	Constant       goto state 32
	Number         goto state 33
	Atom           goto state 34
	Functoor       goto state 35
	Name           goto state 36

State 106

	List_Expr -> Term9 '|' Term9 .                      (rule 70)

	']'            reduce using rule 70


State 107

	List_Expr -> Term9 ',' List_Expr .                  (rule 69)

	']'            reduce using rule 69


State 108

	Body -> Body1 ',' Body .                            (rule 20)

	'.'            reduce using rule 20


State 109

	Body -> 'if' '(' Body1 . ',' Body1 ',' Body1 ')'    (rule 21)

	','            shift, and enter state 113


State 110

	ListArgument -> Argument ',' . ListArgument         (rule 64)

	'('            shift, and enter state 37
	'-'            shift, and enter state 38
	'['            shift, and enter state 41
	L_quoted       shift, and enter state 2
	L_integ        shift, and enter state 42
	L_Variable     shift, and enter state 43
	L_Woord        shift, and enter state 44

	String         goto state 3
	Integer        goto state 4
	Variable       goto state 5
	Woord          goto state 6
	Term9          goto state 95
	Term8          goto state 22
	Term7          goto state 23
	Term6          goto state 24
	Term5          goto state 25
	Term4          goto state 26
	Term3          goto state 27
	Term2          goto state 28
	Term1          goto state 29
	Term0          goto state 30
	ListArgument   goto state 112
	Argument       goto state 97
	List           goto state 31
	Constant       goto state 32
	Number         goto state 33
	Atom           goto state 34
	Functoor       goto state 35
	Name           goto state 36

State 111

	Term0 -> Functoor '(' ListArgument ')' .            (rule 57)

	')'            reduce using rule 57
	'*'            reduce using rule 57
	'+'            reduce using rule 57
	','            reduce using rule 57
	'-'            reduce using rule 57
	'.'            reduce using rule 57
	'/'            reduce using rule 57
	':-'           reduce using rule 57
	'<'            reduce using rule 57
	'='            reduce using rule 57
	'=:='          reduce using rule 57
	'=<'           reduce using rule 57
	'=='           reduce using rule 57
	'=\\='         reduce using rule 57
	'>'            reduce using rule 57
	'>='           reduce using rule 57
	'\\='          reduce using rule 57
	'\\=='         reduce using rule 57
	']'            reduce using rule 57
	'is'           reduce using rule 57
	'mod'          reduce using rule 57
	'|'            reduce using rule 57


State 112

	ListArgument -> Argument ',' ListArgument .         (rule 64)

	')'            reduce using rule 64


State 113

	Body -> 'if' '(' Body1 ',' . Body1 ',' Body1 ')'    (rule 21)

	'('            shift, and enter state 37
	'-'            shift, and enter state 38
	'['            shift, and enter state 41
	L_quoted       shift, and enter state 2
	L_integ        shift, and enter state 42
	L_Variable     shift, and enter state 43
	L_Woord        shift, and enter state 44

	String         goto state 3
	Integer        goto state 4
	Variable       goto state 5
	Woord          goto state 6
	Body1          goto state 114
	Body0          goto state 51
	Goal           goto state 52
	Term           goto state 17
	Term12         goto state 18
	Term11         goto state 19
	Term10         goto state 20
	Term9          goto state 21
	Term8          goto state 22
	Term7          goto state 23
	Term6          goto state 24
	Term5          goto state 25
	Term4          goto state 26
	Term3          goto state 27
	Term2          goto state 28
	Term1          goto state 29
	Term0          goto state 30
	List           goto state 31
	Constant       goto state 32
	Number         goto state 33
	Atom           goto state 34
	Functoor       goto state 35
	Name           goto state 36

State 114

	Body -> 'if' '(' Body1 ',' Body1 . ',' Body1 ')'    (rule 21)

	','            shift, and enter state 115


State 115

	Body -> 'if' '(' Body1 ',' Body1 ',' . Body1 ')'    (rule 21)

	'('            shift, and enter state 37
	'-'            shift, and enter state 38
	'['            shift, and enter state 41
	L_quoted       shift, and enter state 2
	L_integ        shift, and enter state 42
	L_Variable     shift, and enter state 43
	L_Woord        shift, and enter state 44

	String         goto state 3
	Integer        goto state 4
	Variable       goto state 5
	Woord          goto state 6
	Body1          goto state 116
	Body0          goto state 51
	Goal           goto state 52
	Term           goto state 17
	Term12         goto state 18
	Term11         goto state 19
	Term10         goto state 20
	Term9          goto state 21
	Term8          goto state 22
	Term7          goto state 23
	Term6          goto state 24
	Term5          goto state 25
	Term4          goto state 26
	Term3          goto state 27
	Term2          goto state 28
	Term1          goto state 29
	Term0          goto state 30
	List           goto state 31
	Constant       goto state 32
	Number         goto state 33
	Atom           goto state 34
	Functoor       goto state 35
	Name           goto state 36

State 116

	Body -> 'if' '(' Body1 ',' Body1 ',' Body1 . ')'    (rule 21)

	')'            shift, and enter state 117


State 117

	Body -> 'if' '(' Body1 ',' Body1 ',' Body1 ')' .    (rule 21)

	'.'            reduce using rule 21


-----------------------------------------------------------------------------
Grammar Totals
-----------------------------------------------------------------------------
Number of rules: 77
Number of terminals: 31
Number of non-terminals: 42
Number of states: 118
